# JRE version: OpenJDK Runtime Environment (8.0_152-b01) (build 1.8.0_152-release-1024-b01)
# Java VM: OpenJDK 64-Bit Server VM (25.152-b01 mixed mode bsd-amd64 compressed oops)
Heap:
 PSYoungGen      total 439808K, used 379733K [0x00000007a0000000, 0x00000007bfb00000, 0x00000007c0000000)
  eden space 368640K, 91% used [0x00000007a0000000,0x00000007b48bb168,0x00000007b6800000)
  from space 71168K, 60% used [0x00000007bb580000,0x00000007bdf9a678,0x00000007bfb00000)
  to   space 75264K, 0% used [0x00000007b6800000,0x00000007b6800000,0x00000007bb180000)
 ParOldGen       total 308224K, used 148979K [0x0000000760000000, 0x0000000772d00000, 0x00000007a0000000)
  object space 308224K, 48% used [0x0000000760000000,0x000000076917cdb0,0x0000000772d00000)
 Metaspace       used 94557K, capacity 100648K, committed 100824K, reserved 1136640K
  class space    used 12018K, capacity 13276K, committed 13312K, reserved 1048576K
GC Heap History (10 events):
Event: 3934.916 GC heap before
{Heap before GC invocations=28 (full 4):
 PSYoungGen      total 439808K, used 394011K [0x00000007a0000000, 0x00000007bf700000, 0x00000007c0000000)
  eden space 367616K, 99% used [0x00000007a0000000,0x00000007b6649a88,0x00000007b6700000)
  from space 72192K, 37% used [0x00000007b6700000,0x00000007b817d260,0x00000007bad80000)
  to   space 68096K, 0% used [0x00000007bb480000,0x00000007bb480000,0x00000007bf700000)
 ParOldGen       total 308224K, used 140934K [0x0000000760000000, 0x0000000772d00000, 0x00000007a0000000)
  object space 308224K, 45% used [0x0000000760000000,0x00000007689a19e8,0x0000000772d00000)
 Metaspace       used 92291K, capacity 97914K, committed 98136K, reserved 1134592K
  class space    used 11836K, capacity 13061K, committed 13184K, reserved 1048576K
Event: 3935.459 GC heap after
Heap after GC invocations=28 (full 4):
 PSYoungGen      total 444928K, used 44495K [0x00000007a0000000, 0x00000007c0000000, 0x00000007c0000000)
  eden space 376832K, 0% used [0x00000007a0000000,0x00000007a0000000,0x00000007b7000000)
  from space 68096K, 65% used [0x00000007bb480000,0x00000007bdff3c18,0x00000007bf700000)
  to   space 70144K, 0% used [0x00000007b7000000,0x00000007b7000000,0x00000007bb480000)
 ParOldGen       total 308224K, used 140942K [0x0000000760000000, 0x0000000772d00000, 0x00000007a0000000)
  object space 308224K, 45% used [0x0000000760000000,0x00000007689a39e8,0x0000000772d00000)
 Metaspace       used 92291K, capacity 97914K, committed 98136K, reserved 1134592K
  class space    used 11836K, capacity 13061K, committed 13184K, reserved 1048576K
}
Event: 3944.364 GC heap before
{Heap before GC invocations=29 (full 4):
 PSYoungGen      total 444928K, used 421327K [0x00000007a0000000, 0x00000007c0000000, 0x00000007c0000000)
  eden space 376832K, 100% used [0x00000007a0000000,0x00000007b7000000,0x00000007b7000000)
  from space 68096K, 65% used [0x00000007bb480000,0x00000007bdff3c18,0x00000007bf700000)
  to   space 70144K, 0% used [0x00000007b7000000,0x00000007b7000000,0x00000007bb480000)
 ParOldGen       total 308224K, used 140942K [0x0000000760000000, 0x0000000772d00000, 0x00000007a0000000)
  object space 308224K, 45% used [0x0000000760000000,0x00000007689a39e8,0x0000000772d00000)
 Metaspace       used 93985K, capacity 99754K, committed 99928K, reserved 1136640K
  class space    used 11961K, capacity 13167K, committed 13184K, reserved 1048576K
Event: 3944.520 GC heap after
Heap after GC invocations=29 (full 4):
 PSYoungGen      total 446976K, used 33623K [0x00000007a0000000, 0x00000007bfc00000, 0x00000007c0000000)
  eden space 376832K, 0% used [0x00000007a0000000,0x00000007a0000000,0x00000007b7000000)
  from space 70144K, 47% used [0x00000007b7000000,0x00000007b90d5f50,0x00000007bb480000)
  to   space 67072K, 0% used [0x00000007bba80000,0x00000007bba80000,0x00000007bfc00000)
 ParOldGen       total 308224K, used 140950K [0x0000000760000000, 0x0000000772d00000, 0x00000007a0000000)
  object space 308224K, 45% used [0x0000000760000000,0x00000007689a59e8,0x0000000772d00000)
 Metaspace       used 93985K, capacity 99754K, committed 99928K, reserved 1136640K
  class space    used 11961K, capacity 13167K, committed 13184K, reserved 1048576K
}
Event: 3947.633 GC heap before
{Heap before GC invocations=30 (full 4):
 PSYoungGen      total 446976K, used 410410K [0x00000007a0000000, 0x00000007bfc00000, 0x00000007c0000000)
  eden space 376832K, 99% used [0x00000007a0000000,0x00000007b6ff4b98,0x00000007b7000000)
  from space 70144K, 47% used [0x00000007b7000000,0x00000007b90d5f50,0x00000007bb480000)
  to   space 67072K, 0% used [0x00000007bba80000,0x00000007bba80000,0x00000007bfc00000)
 ParOldGen       total 308224K, used 140950K [0x0000000760000000, 0x0000000772d00000, 0x00000007a0000000)
  object space 308224K, 45% used [0x0000000760000000,0x00000007689a59e8,0x0000000772d00000)
 Metaspace       used 93998K, capacity 99758K, committed 99928K, reserved 1136640K
  class space    used 11962K, capacity 13167K, committed 13184K, reserved 1048576K
Event: 3947.839 GC heap after
Heap after GC invocations=30 (full 4):
 PSYoungGen      total 432640K, used 67059K [0x00000007a0000000, 0x00000007c0000000, 0x00000007c0000000)
  eden space 365568K, 0% used [0x00000007a0000000,0x00000007a0000000,0x00000007b6500000)
  from space 67072K, 99% used [0x00000007bba80000,0x00000007bfbfcd60,0x00000007bfc00000)
  to   space 79360K, 0% used [0x00000007b6500000,0x00000007b6500000,0x00000007bb280000)
 ParOldGen       total 308224K, used 148254K [0x0000000760000000, 0x0000000772d00000, 0x00000007a0000000)
  object space 308224K, 48% used [0x0000000760000000,0x00000007690c79e8,0x0000000772d00000)
 Metaspace       used 93998K, capacity 99758K, committed 99928K, reserved 1136640K
  class space    used 11962K, capacity 13167K, committed 13184K, reserved 1048576K
}
Event: 3952.071 GC heap before
{Heap before GC invocations=31 (full 4):
 PSYoungGen      total 432640K, used 432627K [0x00000007a0000000, 0x00000007c0000000, 0x00000007c0000000)
  eden space 365568K, 100% used [0x00000007a0000000,0x00000007b6500000,0x00000007b6500000)
  from space 67072K, 99% used [0x00000007bba80000,0x00000007bfbfcd60,0x00000007bfc00000)
  to   space 79360K, 0% used [0x00000007b6500000,0x00000007b6500000,0x00000007bb280000)
 ParOldGen       total 308224K, used 148254K [0x0000000760000000, 0x0000000772d00000, 0x00000007a0000000)
  object space 308224K, 48% used [0x0000000760000000,0x00000007690c79e8,0x0000000772d00000)
 Metaspace       used 94312K, capacity 100270K, committed 100568K, reserved 1136640K
  class space    used 12001K, capacity 13245K, committed 13312K, reserved 1048576K
Event: 3952.124 GC heap after
Heap after GC invocations=31 (full 4):
 PSYoungGen      total 444928K, used 29152K [0x00000007a0000000, 0x00000007c0000000, 0x00000007c0000000)
  eden space 365568K, 0% used [0x00000007a0000000,0x00000007a0000000,0x00000007b6500000)
  from space 79360K, 36% used [0x00000007b6500000,0x00000007b8178310,0x00000007bb280000)
  to   space 76288K, 0% used [0x00000007bb580000,0x00000007bb580000,0x00000007c0000000)
 ParOldGen       total 308224K, used 148971K [0x0000000760000000, 0x0000000772d00000, 0x00000007a0000000)
  object space 308224K, 48% used [0x0000000760000000,0x000000076917adb0,0x0000000772d00000)
 Metaspace       used 94312K, capacity 100270K, committed 100568K, reserved 1136640K
  class space    used 12001K, capacity 13245K, committed 13312K, reserved 1048576K
}
Event: 3953.899 GC heap before
{Heap before GC invocations=32 (full 4):
 PSYoungGen      total 444928K, used 394437K [0x00000007a0000000, 0x00000007c0000000, 0x00000007c0000000)
  eden space 365568K, 99% used [0x00000007a0000000,0x00000007b64b9180,0x00000007b6500000)
  from space 79360K, 36% used [0x00000007b6500000,0x00000007b8178310,0x00000007bb280000)
  to   space 76288K, 0% used [0x00000007bb580000,0x00000007bb580000,0x00000007c0000000)
 ParOldGen       total 308224K, used 148971K [0x0000000760000000, 0x0000000772d00000, 0x00000007a0000000)
  object space 308224K, 48% used [0x0000000760000000,0x000000076917adb0,0x0000000772d00000)
 Metaspace       used 94359K, capacity 100304K, committed 100568K, reserved 1136640K
  class space    used 12004K, capacity 13250K, committed 13312K, reserved 1048576K
Event: 3953.966 GC heap after
Heap after GC invocations=32 (full 4):
 PSYoungGen      total 439808K, used 43113K [0x00000007a0000000, 0x00000007bfb00000, 0x00000007c0000000)
  eden space 368640K, 0% used [0x00000007a0000000,0x00000007a0000000,0x00000007b6800000)
  from space 71168K, 60% used [0x00000007bb580000,0x00000007bdf9a678,0x00000007bfb00000)
  to   space 75264K, 0% used [0x00000007b6800000,0x00000007b6800000,0x00000007bb180000)
 ParOldGen       total 308224K, used 148979K [0x0000000760000000, 0x0000000772d00000, 0x00000007a0000000)
  object space 308224K, 48% used [0x0000000760000000,0x000000076917cdb0,0x0000000772d00000)
 Metaspace       used 94359K, capacity 100304K, committed 100568K, reserved 1136640K
  class space    used 12004K, capacity 13250K, committed 13312K, reserved 1048576K
}

