# JRE version: OpenJDK Runtime Environment (8.0_152-b01) (build 1.8.0_152-release-1024-b01)
# Java VM: OpenJDK 64-Bit Server VM (25.152-b01 mixed mode bsd-amd64 compressed oops)
Heap:
 PSYoungGen      total 430592K, used 0K [0x00000007a0000000, 0x00000007c0000000, 0x00000007c0000000)
  eden space 336896K, 0% used [0x00000007a0000000,0x00000007a0000000,0x00000007b4900000)
  from space 93696K, 0% used [0x00000007b4900000,0x00000007b4900000,0x00000007ba480000)
  to   space 90112K, 0% used [0x00000007ba800000,0x00000007ba800000,0x00000007c0000000)
 ParOldGen       total 264704K, used 107741K [0x0000000760000000, 0x0000000770280000, 0x00000007a0000000)
  object space 264704K, 40% used [0x0000000760000000,0x0000000766937608,0x0000000770280000)
 Metaspace       used 122651K, capacity 132838K, committed 134744K, reserved 1167360K
  class space    used 15087K, capacity 17316K, committed 17792K, reserved 1048576K
GC Heap History (10 events):
Event: 47094.757 GC heap after
Heap after GC invocations=200 (full 7):
 PSYoungGen      total 453120K, used 13187K [0x00000007a0000000, 0x00000007c0000000, 0x00000007c0000000)
  eden space 381952K, 0% used [0x00000007a0000000,0x00000007a0000000,0x00000007b7500000)
  from space 71168K, 18% used [0x00000007b7500000,0x00000007b81e0c40,0x00000007bba80000)
  to   space 68096K, 0% used [0x00000007bbd80000,0x00000007bbd80000,0x00000007c0000000)
 ParOldGen       total 264704K, used 223676K [0x0000000760000000, 0x0000000770280000, 0x00000007a0000000)
  object space 264704K, 84% used [0x0000000760000000,0x000000076da6f2a0,0x0000000770280000)
 Metaspace       used 123594K, capacity 134038K, committed 134744K, reserved 1167360K
  class space    used 15294K, capacity 17595K, committed 17792K, reserved 1048576K
}
Event: 47103.293 GC heap before
{Heap before GC invocations=201 (full 7):
 PSYoungGen      total 453120K, used 395060K [0x00000007a0000000, 0x00000007c0000000, 0x00000007c0000000)
  eden space 381952K, 99% used [0x00000007a0000000,0x00000007b74ec6b8,0x00000007b7500000)
  from space 71168K, 18% used [0x00000007b7500000,0x00000007b81e0c40,0x00000007bba80000)
  to   space 68096K, 0% used [0x00000007bbd80000,0x00000007bbd80000,0x00000007c0000000)
 ParOldGen       total 264704K, used 223676K [0x0000000760000000, 0x0000000770280000, 0x00000007a0000000)
  object space 264704K, 84% used [0x0000000760000000,0x000000076da6f2a0,0x0000000770280000)
 Metaspace       used 123601K, capacity 134038K, committed 134744K, reserved 1167360K
  class space    used 15294K, capacity 17595K, committed 17792K, reserved 1048576K
Event: 47103.885 GC heap after
Heap after GC invocations=201 (full 7):
 PSYoungGen      total 435712K, used 62138K [0x00000007a0000000, 0x00000007c0000000, 0x00000007c0000000)
  eden space 367616K, 0% used [0x00000007a0000000,0x00000007a0000000,0x00000007b6700000)
  from space 68096K, 91% used [0x00000007bbd80000,0x00000007bfa2e828,0x00000007c0000000)
  to   space 78336K, 0% used [0x00000007b6700000,0x00000007b6700000,0x00000007bb380000)
 ParOldGen       total 264704K, used 227923K [0x0000000760000000, 0x0000000770280000, 0x00000007a0000000)
  object space 264704K, 86% used [0x0000000760000000,0x000000076de94c80,0x0000000770280000)
 Metaspace       used 123601K, capacity 134038K, committed 134744K, reserved 1167360K
  class space    used 15294K, capacity 17595K, committed 17792K, reserved 1048576K
}
Event: 47885.913 GC heap before
{Heap before GC invocations=202 (full 7):
 PSYoungGen      total 435712K, used 429754K [0x00000007a0000000, 0x00000007c0000000, 0x00000007c0000000)
  eden space 367616K, 100% used [0x00000007a0000000,0x00000007b6700000,0x00000007b6700000)
  from space 68096K, 91% used [0x00000007bbd80000,0x00000007bfa2e828,0x00000007c0000000)
  to   space 78336K, 0% used [0x00000007b6700000,0x00000007b6700000,0x00000007bb380000)
 ParOldGen       total 264704K, used 227923K [0x0000000760000000, 0x0000000770280000, 0x00000007a0000000)
  object space 264704K, 86% used [0x0000000760000000,0x000000076de94c80,0x0000000770280000)
 Metaspace       used 123603K, capacity 134038K, committed 134744K, reserved 1167360K
  class space    used 15294K, capacity 17595K, committed 17792K, reserved 1048576K
Event: 47886.242 GC heap after
Heap after GC invocations=202 (full 7):
 PSYoungGen      total 445952K, used 10131K [0x00000007a0000000, 0x00000007c0000000, 0x00000007c0000000)
  eden space 367616K, 0% used [0x00000007a0000000,0x00000007a0000000,0x00000007b6700000)
  from space 78336K, 12% used [0x00000007b6700000,0x00000007b70e4ed0,0x00000007bb380000)
  to   space 75776K, 0% used [0x00000007bb600000,0x00000007bb600000,0x00000007c0000000)
 ParOldGen       total 264704K, used 230219K [0x0000000760000000, 0x0000000770280000, 0x00000007a0000000)
  object space 264704K, 86% used [0x0000000760000000,0x000000076e0d2fe8,0x0000000770280000)
 Metaspace       used 123603K, capacity 134038K, committed 134744K, reserved 1167360K
  class space    used 15294K, capacity 17595K, committed 17792K, reserved 1048576K
}
Event: 47891.910 GC heap before
{Heap before GC invocations=203 (full 7):
 PSYoungGen      total 445952K, used 377747K [0x00000007a0000000, 0x00000007c0000000, 0x00000007c0000000)
  eden space 367616K, 100% used [0x00000007a0000000,0x00000007b6700000,0x00000007b6700000)
  from space 78336K, 12% used [0x00000007b6700000,0x00000007b70e4ed0,0x00000007bb380000)
  to   space 75776K, 0% used [0x00000007bb600000,0x00000007bb600000,0x00000007c0000000)
 ParOldGen       total 264704K, used 230219K [0x0000000760000000, 0x0000000770280000, 0x00000007a0000000)
  object space 264704K, 86% used [0x0000000760000000,0x000000076e0d2fe8,0x0000000770280000)
 Metaspace       used 123627K, capacity 134102K, committed 134744K, reserved 1167360K
  class space    used 15294K, capacity 17595K, committed 17792K, reserved 1048576K
Event: 47892.651 GC heap after
Heap after GC invocations=203 (full 7):
 PSYoungGen      total 412672K, used 75762K [0x00000007a0000000, 0x00000007c0000000, 0x00000007c0000000)
  eden space 336896K, 0% used [0x00000007a0000000,0x00000007a0000000,0x00000007b4900000)
  from space 75776K, 99% used [0x00000007bb600000,0x00000007bfffcbe0,0x00000007c0000000)
  to   space 93696K, 0% used [0x00000007b4900000,0x00000007b4900000,0x00000007ba480000)
 ParOldGen       total 264704K, used 241194K [0x0000000760000000, 0x0000000770280000, 0x00000007a0000000)
  object space 264704K, 91% used [0x0000000760000000,0x000000076eb8a950,0x0000000770280000)
 Metaspace       used 123627K, capacity 134102K, committed 134744K, reserved 1167360K
  class space    used 15294K, capacity 17595K, committed 17792K, reserved 1048576K
}
Event: 48572.037 GC heap before
{Heap before GC invocations=204 (full 7):
 PSYoungGen      total 412672K, used 410460K [0x00000007a0000000, 0x00000007c0000000, 0x00000007c0000000)
  eden space 336896K, 99% used [0x00000007a0000000,0x00000007b46da678,0x00000007b4900000)
  from space 75776K, 99% used [0x00000007bb600000,0x00000007bfffcbe0,0x00000007c0000000)
  to   space 93696K, 0% used [0x00000007b4900000,0x00000007b4900000,0x00000007ba480000)
 ParOldGen       total 264704K, used 241194K [0x0000000760000000, 0x0000000770280000, 0x00000007a0000000)
  object space 264704K, 91% used [0x0000000760000000,0x000000076eb8a950,0x0000000770280000)
 Metaspace       used 123644K, capacity 134106K, committed 134744K, reserved 1167360K
  class space    used 15294K, capacity 17595K, committed 17792K, reserved 1048576K
Event: 48573.066 GC heap after
Heap after GC invocations=204 (full 7):
 PSYoungGen      total 430592K, used 16921K [0x00000007a0000000, 0x00000007c0000000, 0x00000007c0000000)
  eden space 336896K, 0% used [0x00000007a0000000,0x00000007a0000000,0x00000007b4900000)
  from space 93696K, 18% used [0x00000007b4900000,0x00000007b5986770,0x00000007ba480000)
  to   space 90112K, 0% used [0x00000007ba800000,0x00000007ba800000,0x00000007c0000000)
 ParOldGen       total 264704K, used 260713K [0x0000000760000000, 0x0000000770280000, 0x00000007a0000000)
  object space 264704K, 98% used [0x0000000760000000,0x000000076fe9a738,0x0000000770280000)
 Metaspace       used 123644K, capacity 134106K, committed 134744K, reserved 1167360K
  class space    used 15294K, capacity 17595K, committed 17792K, reserved 1048576K
}
Event: 48573.066 GC heap before
{Heap before GC invocations=205 (full 8):
 PSYoungGen      total 430592K, used 16921K [0x00000007a0000000, 0x00000007c0000000, 0x00000007c0000000)
  eden space 336896K, 0% used [0x00000007a0000000,0x00000007a0000000,0x00000007b4900000)
  from space 93696K, 18% used [0x00000007b4900000,0x00000007b5986770,0x00000007ba480000)
  to   space 90112K, 0% used [0x00000007ba800000,0x00000007ba800000,0x00000007c0000000)
 ParOldGen       total 264704K, used 260713K [0x0000000760000000, 0x0000000770280000, 0x00000007a0000000)
  object space 264704K, 98% used [0x0000000760000000,0x000000076fe9a738,0x0000000770280000)
 Metaspace       used 123644K, capacity 134106K, committed 134744K, reserved 1167360K
  class space    used 15294K, capacity 17595K, committed 17792K, reserved 1048576K

